# JRE version: Java(TM) SE Runtime Environment (8.0_181-b13) (build 1.8.0_181-b13)
# Java VM: Java HotSpot(TM) 64-Bit Server VM (25.181-b13 mixed mode windows-amd64 compressed oops)
Heap:
 PSYoungGen      total 222720K, used 222229K [0x00000000f0000000, 0x0000000100000000, 0x0000000100000000)
  eden space 188416K, 100% used [0x00000000f0000000,0x00000000fb800000,0x00000000fb800000)
  from space 34304K, 98% used [0x00000000fb800000,0x00000000fd9054f8,0x00000000fd980000)
  to   space 39424K, 99% used [0x00000000fd980000,0x00000000ffff9508,0x0000000100000000)
 ParOldGen       total 524288K, used 83522K [0x00000000d0000000, 0x00000000f0000000, 0x00000000f0000000)
  object space 524288K, 15% used [0x00000000d0000000,0x00000000d5190850,0x00000000f0000000)
 Metaspace       used 70261K, capacity 73150K, committed 73496K, reserved 1112064K
  class space    used 9125K, capacity 10138K, committed 10264K, reserved 1048576K
GC Heap History (10 events):
Event: 46.280 GC heap after
Heap after GC invocations=24 (full 3):
 PSYoungGen      total 232960K, used 16936K [0x00000000f0000000, 0x0000000100000000, 0x0000000100000000)
  eden space 204800K, 0% used [0x00000000f0000000,0x00000000f0000000,0x00000000fc800000)
  from space 28160K, 60% used [0x00000000fc800000,0x00000000fd88a308,0x00000000fe380000)
  to   space 28160K, 0% used [0x00000000fe480000,0x00000000fe480000,0x0000000100000000)
 ParOldGen       total 524288K, used 82253K [0x00000000d0000000, 0x00000000f0000000, 0x00000000f0000000)
  object space 524288K, 15% used [0x00000000d0000000,0x00000000d5053640,0x00000000f0000000)
 Metaspace       used 61226K, capacity 62428K, committed 62744K, reserved 1103872K
  class space    used 7588K, capacity 7886K, committed 7960K, reserved 1048576K
}
Event: 52.588 GC heap before
{Heap before GC invocations=25 (full 3):
 PSYoungGen      total 232960K, used 221736K [0x00000000f0000000, 0x0000000100000000, 0x0000000100000000)
  eden space 204800K, 100% used [0x00000000f0000000,0x00000000fc800000,0x00000000fc800000)
  from space 28160K, 60% used [0x00000000fc800000,0x00000000fd88a308,0x00000000fe380000)
  to   space 28160K, 0% used [0x00000000fe480000,0x00000000fe480000,0x0000000100000000)
 ParOldGen       total 524288K, used 82253K [0x00000000d0000000, 0x00000000f0000000, 0x00000000f0000000)
  object space 524288K, 15% used [0x00000000d0000000,0x00000000d5053640,0x00000000f0000000)
 Metaspace       used 64879K, capacity 66312K, committed 66456K, reserved 1107968K
  class space    used 8147K, capacity 8582K, committed 8600K, reserved 1048576K
Event: 52.603 GC heap after
Heap after GC invocations=25 (full 3):
 PSYoungGen      total 230912K, used 22288K [0x00000000f0000000, 0x0000000100000000, 0x0000000100000000)
  eden space 202752K, 0% used [0x00000000f0000000,0x00000000f0000000,0x00000000fc600000)
  from space 28160K, 79% used [0x00000000fe480000,0x00000000ffa44330,0x0000000100000000)
  to   space 29696K, 0% used [0x00000000fc600000,0x00000000fc600000,0x00000000fe300000)
 ParOldGen       total 524288K, used 82261K [0x00000000d0000000, 0x00000000f0000000, 0x00000000f0000000)
  object space 524288K, 15% used [0x00000000d0000000,0x00000000d5055640,0x00000000f0000000)
 Metaspace       used 64879K, capacity 66312K, committed 66456K, reserved 1107968K
  class space    used 8147K, capacity 8582K, committed 8600K, reserved 1048576K
}
Event: 56.263 GC heap before
{Heap before GC invocations=26 (full 3):
 PSYoungGen      total 230912K, used 225040K [0x00000000f0000000, 0x0000000100000000, 0x0000000100000000)
  eden space 202752K, 100% used [0x00000000f0000000,0x00000000fc600000,0x00000000fc600000)
  from space 28160K, 79% used [0x00000000fe480000,0x00000000ffa44330,0x0000000100000000)
  to   space 29696K, 0% used [0x00000000fc600000,0x00000000fc600000,0x00000000fe300000)
 ParOldGen       total 524288K, used 82261K [0x00000000d0000000, 0x00000000f0000000, 0x00000000f0000000)
  object space 524288K, 15% used [0x00000000d0000000,0x00000000d5055640,0x00000000f0000000)
 Metaspace       used 66369K, capacity 67856K, committed 68120K, reserved 1107968K
  class space    used 8387K, capacity 8866K, committed 8984K, reserved 1048576K
Event: 56.280 GC heap after
Heap after GC invocations=26 (full 3):
 PSYoungGen      total 229376K, used 26211K [0x00000000f0000000, 0x0000000100000000, 0x0000000100000000)
  eden space 202752K, 0% used [0x00000000f0000000,0x00000000f0000000,0x00000000fc600000)
  from space 26624K, 98% used [0x00000000fc600000,0x00000000fdf98c70,0x00000000fe000000)
  to   space 32768K, 0% used [0x00000000fe000000,0x00000000fe000000,0x0000000100000000)
 ParOldGen       total 524288K, used 82269K [0x00000000d0000000, 0x00000000f0000000, 0x00000000f0000000)
  object space 524288K, 15% used [0x00000000d0000000,0x00000000d5057640,0x00000000f0000000)
 Metaspace       used 66369K, capacity 67856K, committed 68120K, reserved 1107968K
  class space    used 8387K, capacity 8866K, committed 8984K, reserved 1048576K
}
Event: 72.515 GC heap before
{Heap before GC invocations=27 (full 3):
 PSYoungGen      total 229376K, used 228963K [0x00000000f0000000, 0x0000000100000000, 0x0000000100000000)
  eden space 202752K, 100% used [0x00000000f0000000,0x00000000fc600000,0x00000000fc600000)
  from space 26624K, 98% used [0x00000000fc600000,0x00000000fdf98c70,0x00000000fe000000)
  to   space 32768K, 0% used [0x00000000fe000000,0x00000000fe000000,0x0000000100000000)
 ParOldGen       total 524288K, used 82269K [0x00000000d0000000, 0x00000000f0000000, 0x00000000f0000000)
  object space 524288K, 15% used [0x00000000d0000000,0x00000000d5057640,0x00000000f0000000)
 Metaspace       used 68448K, capacity 70734K, committed 70936K, reserved 1110016K
  class space    used 8800K, capacity 9677K, committed 9752K, reserved 1048576K
Event: 72.532 GC heap after
Heap after GC invocations=27 (full 3):
 PSYoungGen      total 221184K, used 31466K [0x00000000f0000000, 0x0000000100000000, 0x0000000100000000)
  eden space 188416K, 0% used [0x00000000f0000000,0x00000000f0000000,0x00000000fb800000)
  from space 32768K, 96% used [0x00000000fe000000,0x00000000ffeba908,0x0000000100000000)
  to   space 36864K, 0% used [0x00000000fb800000,0x00000000fb800000,0x00000000fdc00000)
 ParOldGen       total 524288K, used 82277K [0x00000000d0000000, 0x00000000f0000000, 0x00000000f0000000)
  object space 524288K, 15% used [0x00000000d0000000,0x00000000d5059640,0x00000000f0000000)
 Metaspace       used 68448K, capacity 70734K, committed 70936K, reserved 1110016K
  class space    used 8800K, capacity 9677K, committed 9752K, reserved 1048576K
}
Event: 81.153 GC heap before
{Heap before GC invocations=28 (full 3):
 PSYoungGen      total 221184K, used 219882K [0x00000000f0000000, 0x0000000100000000, 0x0000000100000000)
  eden space 188416K, 100% used [0x00000000f0000000,0x00000000fb800000,0x00000000fb800000)
  from space 32768K, 96% used [0x00000000fe000000,0x00000000ffeba908,0x0000000100000000)
  to   space 36864K, 0% used [0x00000000fb800000,0x00000000fb800000,0x00000000fdc00000)
 ParOldGen       total 524288K, used 82277K [0x00000000d0000000, 0x00000000f0000000, 0x00000000f0000000)
  object space 524288K, 15% used [0x00000000d0000000,0x00000000d5059640,0x00000000f0000000)
 Metaspace       used 69223K, capacity 71894K, committed 72216K, reserved 1112064K
  class space    used 8954K, capacity 9939K, committed 10008K, reserved 1048576K
Event: 81.172 GC heap after
Heap after GC invocations=28 (full 3):
 PSYoungGen      total 222720K, used 33813K [0x00000000f0000000, 0x0000000100000000, 0x0000000100000000)
  eden space 188416K, 0% used [0x00000000f0000000,0x00000000f0000000,0x00000000fb800000)
  from space 34304K, 98% used [0x00000000fb800000,0x00000000fd9054f8,0x00000000fd980000)
  to   space 39424K, 0% used [0x00000000fd980000,0x00000000fd980000,0x0000000100000000)
 ParOldGen       total 524288K, used 82285K [0x00000000d0000000, 0x00000000f0000000, 0x00000000f0000000)
  object space 524288K, 15% used [0x00000000d0000000,0x00000000d505b640,0x00000000f0000000)
 Metaspace       used 69223K, capacity 71894K, committed 72216K, reserved 1112064K
  class space    used 8954K, capacity 9939K, committed 10008K, reserved 1048576K
}
Event: 187.407 GC heap before
{Heap before GC invocations=29 (full 3):
 PSYoungGen      total 222720K, used 222229K [0x00000000f0000000, 0x0000000100000000, 0x0000000100000000)
  eden space 188416K, 100% used [0x00000000f0000000,0x00000000fb800000,0x00000000fb800000)
  from space 34304K, 98% used [0x00000000fb800000,0x00000000fd9054f8,0x00000000fd980000)
  to   space 39424K, 0% used [0x00000000fd980000,0x00000000fd980000,0x0000000100000000)
 ParOldGen       total 524288K, used 82285K [0x00000000d0000000, 0x00000000f0000000, 0x00000000f0000000)
  object space 524288K, 15% used [0x00000000d0000000,0x00000000d505b640,0x00000000f0000000)
 Metaspace       used 70261K, capacity 73150K, committed 73496K, reserved 1112064K
  class space    used 9125K, capacity 10138K, committed 10264K, reserved 1048576K

